1548213510185	geckodriver	INFO	Listening on 127.0.0.1:51673
1548213513201	mozprofile::profile	INFO	Using profile path C:\Users\touker\AppData\Local\Temp\rust_mozprofile.tYqYChNNdvq6
1548213513209	geckodriver::marionette	INFO	Starting browser D:\Program Files\Mozilla Firefox\firefox.exe
1548213513279	geckodriver::marionette	INFO	Connecting to Marionette on localhost:51692
1548213515284	addons.xpi	WARN	Error parsing extensions state: [Exception... "Component returned failure code: 0x80520012 (NS_ERROR_FILE_NOT_FOUND) [amIAddonManagerStartup.readStartupData]"  nsresult: "0x80520012 (NS_ERROR_FILE_NOT_FOUND)"  location: "JS frame :: resource://gre/modules/addons/XPIProvider.jsm :: loadExtensionState :: line 1554"  data: no] Stack trace: loadExtensionState()@resource://gre/modules/addons/XPIProvider.jsm:1554 < getInstallState()@resource://gre/modules/addons/XPIProvider.jsm:1589 < checkForChanges()@resource://gre/modules/addons/XPIProvider.jsm:3109 < startup()@resource://gre/modules/addons/XPIProvider.jsm:2188 < callProvider()@resource://gre/modules/AddonManager.jsm:269 < _startProvider()@resource://gre/modules/AddonManager.jsm:739 < startup()@resource://gre/modules/AddonManager.jsm:906 < startup()@resource://gre/modules/AddonManager.jsm:3090 < observe()@jar:file:///D:/Program%20Files/Mozilla%20Firefox/omni.ja!/components/addonManager.js:65
Unable to read VR Path Registry from C:\Users\touker\AppData\Local\openvr\openvrpaths.vrpath
[Child 583400] WARNING: pipe error: 109: file z:/build/build/src/ipc/chromium/src/chrome/common/ipc_channel_win.cc, line 346
Unable to read VR Path Registry from C:\Users\touker\AppData\Local\openvr\openvrpaths.vrpath
[Child 580972] WARNING: pipe error: 109: file z:/build/build/src/ipc/chromium/src/chrome/common/ipc_channel_win.cc, line 346
[Child 580972] WARNING: pipe error: 109: file z:/build/build/src/ipc/chromium/src/chrome/common/ipc_channel_win.cc, line 346

###!!! [Parent][MessageChannel] Error: (msgtype=0x2400FC,name=PContent::Msg_AsyncMessage) Closed channel: cannot send/recv

console.error: 
  Message: Error: Connection closed before committing the transaction.
  Stack:
    executeTransaction/promise</transactionPromise<@resource://gre/modules/Sqlite.jsm:622:19
observe@resource://gre/modules/AsyncShutdown.jsm:534:9

*** UTM:SVC TimerManager:registerTimer called after profile-before-change notification. Ignoring timer registration for id: telemetry_modules_ping
Unable to read VR Path Registry from C:\Users\touker\AppData\Local\openvr\openvrpaths.vrpath
[GPU 579996] WARNING: pipe error: 109: file z:/build/build/src/ipc/chromium/src/chrome/common/ipc_channel_win.cc, line 346

###!!! [Child][MessageChannel::SendAndWait] Error: Channel error: cannot send/recv

Unable to read VR Path Registry from C:\Users\touker\AppData\Local\openvr\openvrpaths.vrpath
chrome/common/ipc_channel_win.cc, line 346
1542697156635	addons.productaddons	WARN	Failed downloading via XHR, status: 0, reason: error
*** UTM:SVC TimerManager:registerTimer called after profile-before-change notification. Ignoring timer registration for id: telemetry_modules_ping

###!!! [Child][MessageChannel::SendAndWait] Error: Channel error: cannot send/recv

